<?xml version="1.0" encoding="UTF-8"?>
<!-- Generated by org.testng.reporters.JUnitXMLReporter -->
<testsuite ignored="0" hostname="GN5490" failures="1" tests="1" name="Test(failed)" time="9.024" errors="0" timestamp="2025-04-23T13:54:29 CDT">
  <testcase classname="testCases.TC003_LoginDDT" name="verify_loginDDT" time="0.64">
    <failure type="java.lang.AssertionError" message="null">
      <![CDATA[java.lang.AssertionError: null
at testCases.TC003_LoginDDT.verify_loginDDT(TC003_LoginDDT.java:57)
at java.base/java.util.ArrayList.forEach(ArrayList.java:1596)
... Removed 27 stack frames]]>
    </failure>
  </testcase> <!-- verify_loginDDT -->
</testsuite> <!-- Test(failed) -->
