<?xml version="1.0" encoding="UTF-8"?>
<testng-results ignored="0" total="2" passed="2" failed="0" skipped="0">
  <reporter-output>
  </reporter-output>
  <suite started-at="2025-04-29T14:52:51 CDT" name="Suite" finished-at="2025-04-29T14:53:14 CDT" duration-ms="23066">
    <groups>
      <group name="Master">
        <method signature="Tc002_LoginTest.verify_login()[pri:0, instance:testCases.Tc002_LoginTest@1b835480]" name="verify_login" class="testCases.Tc002_LoginTest"/>
        <method signature="tc001_AccountRegistrationTest.verify_account_registration()[pri:0, instance:testCases.tc001_AccountRegistrationTest@3568f9d2]" name="verify_account_registration" class="testCases.tc001_AccountRegistrationTest"/>
      </group> <!-- Master -->
      <group name="Sanity">
        <method signature="Tc002_LoginTest.verify_login()[pri:0, instance:testCases.Tc002_LoginTest@1b835480]" name="verify_login" class="testCases.Tc002_LoginTest"/>
      </group> <!-- Sanity -->
      <group name="Regression">
        <method signature="tc001_AccountRegistrationTest.verify_account_registration()[pri:0, instance:testCases.tc001_AccountRegistrationTest@3568f9d2]" name="verify_account_registration" class="testCases.tc001_AccountRegistrationTest"/>
      </group> <!-- Regression -->
    </groups>
    <test started-at="2025-04-29T14:52:51 CDT" name="Test" finished-at="2025-04-29T14:53:14 CDT" duration-ms="23066">
      <class name="testCases.tc001_AccountRegistrationTest">
        <test-method is-config="true" signature="setup(java.lang.String,java.lang.String)[pri:0, instance:testCases.tc001_AccountRegistrationTest@3568f9d2]" started-at="2025-04-29T14:52:51 CDT" name="setup" finished-at="2025-04-29T14:53:02 CDT" duration-ms="11193" status="PASS">
          <params>
            <param index="0">
              <value>
                <![CDATA[Windows]]>
              </value>
            </param>
            <param index="1">
              <value>
                <![CDATA[Chrome]]>
              </value>
            </param>
          </params>
          <reporter-output>
          </reporter-output>
        </test-method> <!-- setup -->
        <test-method signature="verify_account_registration()[pri:0, instance:testCases.tc001_AccountRegistrationTest@3568f9d2]" started-at="2025-04-29T14:53:02 CDT" name="verify_account_registration" finished-at="2025-04-29T14:53:05 CDT" duration-ms="2992" status="PASS">
          <reporter-output>
          </reporter-output>
        </test-method> <!-- verify_account_registration -->
        <test-method is-config="true" signature="tearDown()[pri:0, instance:testCases.tc001_AccountRegistrationTest@3568f9d2]" started-at="2025-04-29T14:53:05 CDT" name="tearDown" finished-at="2025-04-29T14:53:06 CDT" duration-ms="326" status="PASS">
          <reporter-output>
          </reporter-output>
        </test-method> <!-- tearDown -->
      </class> <!-- testCases.tc001_AccountRegistrationTest -->
      <class name="testCases.Tc002_LoginTest">
        <test-method is-config="true" signature="setup(java.lang.String,java.lang.String)[pri:0, instance:testCases.Tc002_LoginTest@1b835480]" started-at="2025-04-29T14:53:06 CDT" name="setup" finished-at="2025-04-29T14:53:12 CDT" duration-ms="6014" status="PASS">
          <params>
            <param index="0">
              <value>
                <![CDATA[Windows]]>
              </value>
            </param>
            <param index="1">
              <value>
                <![CDATA[Chrome]]>
              </value>
            </param>
          </params>
          <reporter-output>
          </reporter-output>
        </test-method> <!-- setup -->
        <test-method signature="verify_login()[pri:0, instance:testCases.Tc002_LoginTest@1b835480]" started-at="2025-04-29T14:53:12 CDT" name="verify_login" finished-at="2025-04-29T14:53:14 CDT" duration-ms="1991" status="PASS">
          <reporter-output>
          </reporter-output>
        </test-method> <!-- verify_login -->
        <test-method is-config="true" signature="tearDown()[pri:0, instance:testCases.Tc002_LoginTest@1b835480]" started-at="2025-04-29T14:53:14 CDT" name="tearDown" finished-at="2025-04-29T14:53:14 CDT" duration-ms="307" status="PASS">
          <reporter-output>
          </reporter-output>
        </test-method> <!-- tearDown -->
      </class> <!-- testCases.Tc002_LoginTest -->
    </test> <!-- Test -->
  </suite> <!-- Suite -->
</testng-results>
